F:\迅雷下载\A\P13\P13\DEBUG\P13.PCH
F:\迅雷下载\A\P13\P13\DEBUG\STDAFX.OBJ
F:\迅雷下载\A\P13\P13\DEBUG\VC110.PDB
F:\迅雷下载\A\P13\P13\DEBUG\P13.OBJ
F:\迅雷下载\A\P13\DEBUG\P13.ILK
F:\迅雷下载\A\P13\DEBUG\P13.EXE
F:\迅雷下载\A\P13\DEBUG\P13.PDB
F:\迅雷下载\a\P13\P13\Debug\P13.obj
F:\迅雷下载\a\P13\P13\Debug\stdafx.obj
F:\迅雷下载\a\P13\P13\Debug\cl.command.1.tlog
F:\迅雷下载\a\P13\P13\Debug\CL.read.1.tlog
F:\迅雷下载\a\P13\P13\Debug\CL.write.1.tlog
F:\迅雷下载\a\P13\P13\Debug\link-cvtres.read.1.tlog
F:\迅雷下载\a\P13\P13\Debug\link-cvtres.write.1.tlog
F:\迅雷下载\a\P13\P13\Debug\link-rc.read.1.tlog
F:\迅雷下载\a\P13\P13\Debug\link-rc.write.1.tlog
F:\迅雷下载\a\P13\P13\Debug\link.command.1.tlog
F:\迅雷下载\a\P13\P13\Debug\link.read.1.tlog
F:\迅雷下载\a\P13\P13\Debug\link.write.1.tlog
F:\迅雷下载\a\P13\P13\Debug\P13.pch
F:\迅雷下载\a\P13\P13\Debug\vc110.idb
F:\迅雷下载\a\P13\P13\Debug\vc110.pdb
F:\迅雷下载\a\P13\Debug\P13.pdb
F:\迅雷下载\a\P13\Debug\P13.exe
F:\迅雷下载\a\P13\Debug\P13.ilk
