F:\迅雷下载\A\SHUN1\SHUN1\DEBUG\SHUN1.PCH
F:\迅雷下载\A\SHUN1\SHUN1\DEBUG\STDAFX.OBJ
F:\迅雷下载\A\SHUN1\SHUN1\DEBUG\VC110.PDB
F:\迅雷下载\A\SHUN1\SHUN1\DEBUG\SHUN1.OBJ
F:\迅雷下载\A\SHUN1\DEBUG\SHUN1.ILK
F:\迅雷下载\A\SHUN1\DEBUG\SHUN1.EXE
F:\迅雷下载\A\SHUN1\DEBUG\SHUN1.PDB
F:\迅雷下载\a\P1\shun1\Debug\shun1.obj
F:\迅雷下载\a\P1\shun1\Debug\stdafx.obj
F:\迅雷下载\a\P1\shun1\Debug\cl.command.1.tlog
F:\迅雷下载\a\P1\shun1\Debug\CL.read.1.tlog
F:\迅雷下载\a\P1\shun1\Debug\CL.write.1.tlog
F:\迅雷下载\a\P1\shun1\Debug\link-cvtres.read.1.tlog
F:\迅雷下载\a\P1\shun1\Debug\link-cvtres.write.1.tlog
F:\迅雷下载\a\P1\shun1\Debug\link-rc.read.1.tlog
F:\迅雷下载\a\P1\shun1\Debug\link-rc.write.1.tlog
F:\迅雷下载\a\P1\shun1\Debug\link.command.1.tlog
F:\迅雷下载\a\P1\shun1\Debug\link.read.1.tlog
F:\迅雷下载\a\P1\shun1\Debug\link.write.1.tlog
F:\迅雷下载\a\P1\shun1\Debug\shun1.pch
F:\迅雷下载\a\P1\shun1\Debug\vc110.idb
F:\迅雷下载\a\P1\shun1\Debug\vc110.pdb
