F:\迅雷下载\A\P2\SHUN2\DEBUG\SHUN2.PCH
F:\迅雷下载\A\P2\SHUN2\DEBUG\STDAFX.OBJ
F:\迅雷下载\A\P2\SHUN2\DEBUG\VC110.PDB
F:\迅雷下载\A\P2\SHUN2\DEBUG\SHUN2.OBJ
F:\迅雷下载\A\P2\DEBUG\SHUN2.ILK
F:\迅雷下载\A\P2\DEBUG\SHUN2.EXE
F:\迅雷下载\A\P2\DEBUG\SHUN2.PDB
F:\迅雷下载\a\P2\shun2\Debug\shun2.obj
F:\迅雷下载\a\P2\shun2\Debug\stdafx.obj
F:\迅雷下载\a\P2\shun2\Debug\cl.command.1.tlog
F:\迅雷下载\a\P2\shun2\Debug\CL.read.1.tlog
F:\迅雷下载\a\P2\shun2\Debug\CL.write.1.tlog
F:\迅雷下载\a\P2\shun2\Debug\link-cvtres.read.1.tlog
F:\迅雷下载\a\P2\shun2\Debug\link-cvtres.write.1.tlog
F:\迅雷下载\a\P2\shun2\Debug\link-rc.read.1.tlog
F:\迅雷下载\a\P2\shun2\Debug\link-rc.write.1.tlog
F:\迅雷下载\a\P2\shun2\Debug\link.command.1.tlog
F:\迅雷下载\a\P2\shun2\Debug\link.read.1.tlog
F:\迅雷下载\a\P2\shun2\Debug\link.write.1.tlog
F:\迅雷下载\a\P2\shun2\Debug\shun2.pch
F:\迅雷下载\a\P2\shun2\Debug\vc110.idb
F:\迅雷下载\a\P2\shun2\Debug\vc110.pdb
F:\迅雷下载\a\P2\Debug\shun2.pdb
F:\迅雷下载\a\P2\Debug\shun2.exe
F:\迅雷下载\a\P2\Debug\shun2.ilk
