F:\迅雷下载\A\SHUN4\SHUN4\DEBUG\SHUN4.PCH
F:\迅雷下载\A\SHUN4\SHUN4\DEBUG\STDAFX.OBJ
F:\迅雷下载\A\SHUN4\SHUN4\DEBUG\VC110.PDB
F:\迅雷下载\A\SHUN4\SHUN4\DEBUG\SHUN4.OBJ
F:\迅雷下载\A\SHUN4\DEBUG\SHUN4.ILK
F:\迅雷下载\A\SHUN4\DEBUG\SHUN4.EXE
F:\迅雷下载\A\SHUN4\DEBUG\SHUN4.PDB
F:\迅雷下载\a\shun4\shun4\Debug\shun4.obj
F:\迅雷下载\a\shun4\shun4\Debug\stdafx.obj
F:\迅雷下载\a\shun4\shun4\Debug\cl.command.1.tlog
F:\迅雷下载\a\shun4\shun4\Debug\CL.read.1.tlog
F:\迅雷下载\a\shun4\shun4\Debug\CL.write.1.tlog
F:\迅雷下载\a\shun4\shun4\Debug\link-cvtres.read.1.tlog
F:\迅雷下载\a\shun4\shun4\Debug\link-cvtres.write.1.tlog
F:\迅雷下载\a\shun4\shun4\Debug\link-rc.read.1.tlog
F:\迅雷下载\a\shun4\shun4\Debug\link-rc.write.1.tlog
F:\迅雷下载\a\shun4\shun4\Debug\link.command.1.tlog
F:\迅雷下载\a\shun4\shun4\Debug\link.read.1.tlog
F:\迅雷下载\a\shun4\shun4\Debug\link.write.1.tlog
F:\迅雷下载\a\shun4\shun4\Debug\shun4.pch
F:\迅雷下载\a\shun4\shun4\Debug\vc110.idb
F:\迅雷下载\a\shun4\shun4\Debug\vc110.pdb
F:\迅雷下载\a\shun4\Debug\shun4.pdb
F:\迅雷下载\a\shun4\Debug\shun4.exe
F:\迅雷下载\a\shun4\Debug\shun4.ilk
