F:\迅雷下载\A\P14\P14\DEBUG\P14.PCH
F:\迅雷下载\A\P14\P14\DEBUG\STDAFX.OBJ
F:\迅雷下载\A\P14\P14\DEBUG\VC110.PDB
F:\迅雷下载\A\P14\P14\DEBUG\P14.OBJ
F:\迅雷下载\A\P14\DEBUG\P14.ILK
F:\迅雷下载\A\P14\DEBUG\P14.EXE
F:\迅雷下载\A\P14\DEBUG\P14.PDB
F:\迅雷下载\a\P14\P14\Debug\P14.obj
F:\迅雷下载\a\P14\P14\Debug\stdafx.obj
F:\迅雷下载\a\P14\P14\Debug\cl.command.1.tlog
F:\迅雷下载\a\P14\P14\Debug\CL.read.1.tlog
F:\迅雷下载\a\P14\P14\Debug\CL.write.1.tlog
F:\迅雷下载\a\P14\P14\Debug\link-cvtres.read.1.tlog
F:\迅雷下载\a\P14\P14\Debug\link-cvtres.write.1.tlog
F:\迅雷下载\a\P14\P14\Debug\link-rc.read.1.tlog
F:\迅雷下载\a\P14\P14\Debug\link-rc.write.1.tlog
F:\迅雷下载\a\P14\P14\Debug\link.command.1.tlog
F:\迅雷下载\a\P14\P14\Debug\link.read.1.tlog
F:\迅雷下载\a\P14\P14\Debug\link.write.1.tlog
F:\迅雷下载\a\P14\P14\Debug\P14.pch
F:\迅雷下载\a\P14\P14\Debug\vc110.idb
F:\迅雷下载\a\P14\P14\Debug\vc110.pdb
F:\迅雷下载\a\P14\Debug\P14.pdb
F:\迅雷下载\a\P14\Debug\P14.exe
F:\迅雷下载\a\P14\Debug\P14.ilk
