#
# A fatal error has been detected by the Java Runtime Environment:
#
#  EXCEPTION_ACCESS_VIOLATION (0xc0000005) at pc=0x0699059d, pid=7748, tid=8920
#
# JRE version: 6.0_17-b04
# Java VM: Java HotSpot(TM) Client VM (14.3-b01 mixed mode windows-x86 )
# Problematic frame:
# C  [UxTheme.dll+0x1059d]
#
# If you would like to submit a bug report, please visit:
#   http://java.sun.com/webapps/bugreport/crash.jsp
# The crash happened outside the Java Virtual Machine in native code.
# See problematic frame for where to report the bug.
#

---------------  T H R E A D  ---------------

Current thread (0x1ff03800):  JavaThread "AWT-EventQueue-0" [_thread_in_native, id=8920, stack(0x223a0000,0x22420000)]

siginfo: ExceptionCode=0xc0000005, ExceptionInformation=0x00000008 0x0699059d

Registers:
EAX=0x06bc07e4, EBX=0x185aa898, ECX=0x2241f380, EDX=0x2239e8b8
ESP=0x2241f374, EBP=0x2241f384, ESI=0x06bc07d0, EDI=0x00000000
EIP=0x0699059d, EFLAGS=0x00210217

Top of Stack: (sp=0x2241f374)
0x2241f374:   06991d57 06bc07e4 2241f3b0 06bc07d0
0x2241f384:   2241f3c8 06991d34 00000004 00000000
0x2241f394:   06993060 1ff03800 185aa898 00000000
0x2241f3a4:   00000000 00000000 00000000 00000000
0x2241f3b4:   00000004 ffffffff 00000000 00000000
0x2241f3c4:   0743f0c8 2241f440 0fa69bf9 06be34a0
0x2241f3d4:   00000000 00000003 00000001 00000e12
0x2241f3e4:   00000000 2241f3ec 00000000 00000000 

Instructions: (pc=0x0699059d)
0x0699058d:   56 ab 75 b2 82 ab 75 00 00 00 00 90 90 90 90 90
0x0699059d:   8b ff 55 8b ec 8b 45 08 56 8b f1 89 06 85 c0 74 


Stack: [0x223a0000,0x22420000],  sp=0x2241f374,  free space=508k
Native frames: (J=compiled Java code, j=interpreted, Vv=VM code, C=native code)
C  [UxTheme.dll+0x1059d]
C  [UxTheme.dll+0x11d34]
C  0x0fa69bf9
j  sun.awt.windows.ThemeReader.getThemeMargins(Ljava/lang/String;III)Ljava/awt/Insets;+18
j  com.sun.java.swing.plaf.windows.XPStyle.getMargin(Ljava/awt/Component;Lcom/sun/java/swing/plaf/windows/TMSchema$Part;Lcom/sun/java/swing/plaf/windows/TMSchema$State;Lcom/sun/java/swing/plaf/windows/TMSchema$Prop;)Ljava/awt/Insets;+19
j  com.sun.java.swing.plaf.windows.WindowsScrollBarUI.paintThumb(Ljava/awt/Graphics;Ljavax/swing/JComponent;Ljava/awt/Rectangle;)V+208
j  javax.swing.plaf.basic.BasicScrollBarUI.paint(Ljava/awt/Graphics;Ljavax/swing/JComponent;)V+30
J  javax.swing.plaf.ComponentUI.update(Ljava/awt/Graphics;Ljavax/swing/JComponent;)V
J  javax.swing.JComponent.paintComponent(Ljava/awt/Graphics;)V
J  javax.swing.JComponent.paint(Ljava/awt/Graphics;)V
J  javax.swing.JComponent.paintToOffscreen(Ljava/awt/Graphics;IIIIII)V
J  javax.swing.RepaintManager$PaintManager.paintDoubleBuffered(Ljavax/swing/JComponent;Ljava/awt/Image;Ljava/awt/Graphics;IIII)V
J  javax.swing.RepaintManager$PaintManager.paint(Ljavax/swing/JComponent;Ljavax/swing/JComponent;Ljava/awt/Graphics;IIII)Z
J  javax.swing.RepaintManager.paint(Ljavax/swing/JComponent;Ljavax/swing/JComponent;Ljava/awt/Graphics;IIII)V
J  javax.swing.JComponent._paintImmediately(IIII)V
J  javax.swing.JComponent.paintImmediately(IIII)V
J  javax.swing.RepaintManager.paintDirtyRegions(Ljava/util/Map;)V
J  javax.swing.RepaintManager.paintDirtyRegions()V
J  javax.swing.RepaintManager.seqPaintDirtyRegions()V
J  javax.swing.SystemEventQueueUtilities$ComponentWorkRequest.run()V
J  java.awt.event.InvocationEvent.dispatch()V
J  java.awt.EventQueue.dispatchEvent(Ljava/awt/AWTEvent;)V
J  java.awt.EventDispatchThread.pumpOneEventForFilters(I)Z
J  java.awt.EventDispatchThread.pumpEventsForFilter(ILjava/awt/Conditional;Ljava/awt/EventFilter;)V
j  java.awt.EventDispatchThread.pumpEventsForHierarchy(ILjava/awt/Conditional;Ljava/awt/Component;)V+11
j  java.awt.EventDispatchThread.pumpEvents(ILjava/awt/Conditional;)V+4
j  java.awt.EventDispatchThread.pumpEvents(Ljava/awt/Conditional;)V+3
j  java.awt.EventDispatchThread.run()V+9
v  ~StubRoutines::call_stub
C  0x0820cf9c
C  0x082941d1
C  0x0820d167
C  0x0820d1dd
C  0x08236290
C  0x082f0414
C  0x08293e4c
C  0x7d919565
C  [kernel32.dll+0x133aa]
C  [ntdll.dll+0x39ef2]
C  [ntdll.dll+0x39ec5]

Java frames: (J=compiled Java code, j=interpreted, Vv=VM code)
j  sun.awt.windows.ThemeReader.getThemeMargins(JIII)Ljava/awt/Insets;+0
j  sun.awt.windows.ThemeReader.getThemeMargins(Ljava/lang/String;III)Ljava/awt/Insets;+18
j  com.sun.java.swing.plaf.windows.XPStyle.getMargin(Ljava/awt/Component;Lcom/sun/java/swing/plaf/windows/TMSchema$Part;Lcom/sun/java/swing/plaf/windows/TMSchema$State;Lcom/sun/java/swing/plaf/windows/TMSchema$Prop;)Ljava/awt/Insets;+19
j  com.sun.java.swing.plaf.windows.WindowsScrollBarUI.paintThumb(Ljava/awt/Graphics;Ljavax/swing/JComponent;Ljava/awt/Rectangle;)V+208
j  javax.swing.plaf.basic.BasicScrollBarUI.paint(Ljava/awt/Graphics;Ljavax/swing/JComponent;)V+30
J  javax.swing.plaf.ComponentUI.update(Ljava/awt/Graphics;Ljavax/swing/JComponent;)V
J  javax.swing.JComponent.paintComponent(Ljava/awt/Graphics;)V
J  javax.swing.JComponent.paint(Ljava/awt/Graphics;)V
J  javax.swing.JComponent.paintToOffscreen(Ljava/awt/Graphics;IIIIII)V
J  javax.swing.RepaintManager$PaintManager.paintDoubleBuffered(Ljavax/swing/JComponent;Ljava/awt/Image;Ljava/awt/Graphics;IIII)V
J  javax.swing.RepaintManager$PaintManager.paint(Ljavax/swing/JComponent;Ljavax/swing/JComponent;Ljava/awt/Graphics;IIII)Z
J  javax.swing.RepaintManager.paint(Ljavax/swing/JComponent;Ljavax/swing/JComponent;Ljava/awt/Graphics;IIII)V
J  javax.swing.JComponent._paintImmediately(IIII)V
J  javax.swing.JComponent.paintImmediately(IIII)V
J  javax.swing.RepaintManager.paintDirtyRegions(Ljava/util/Map;)V
J  javax.swing.RepaintManager.paintDirtyRegions()V
J  javax.swing.RepaintManager.seqPaintDirtyRegions()V
J  javax.swing.SystemEventQueueUtilities$ComponentWorkRequest.run()V
J  java.awt.event.InvocationEvent.dispatch()V
J  java.awt.EventQueue.dispatchEvent(Ljava/awt/AWTEvent;)V
J  java.awt.EventDispatchThread.pumpOneEventForFilters(I)Z
J  java.awt.EventDispatchThread.pumpEventsForFilter(ILjava/awt/Conditional;Ljava/awt/EventFilter;)V
j  java.awt.EventDispatchThread.pumpEventsForHierarchy(ILjava/awt/Conditional;Ljava/awt/Component;)V+11
j  java.awt.EventDispatchThread.pumpEvents(ILjava/awt/Conditional;)V+4
j  java.awt.EventDispatchThread.pumpEvents(Ljava/awt/Conditional;)V+3
j  java.awt.EventDispatchThread.run()V+9
v  ~StubRoutines::call_stub

---------------  P R O C E S S  ---------------

Java Threads: ( => current thread )
  0x1ff92400 JavaThread "Code Analyzer updating thread" [_thread_blocked, id=6264, stack(0x2c400000,0x2c480000)]
  0x1ff91c00 JavaThread "Browser Events Thread" daemon [_thread_blocked, id=9604, stack(0x316a0000,0x31720000)]
  0x20428c00 JavaThread "Browser Events Thread" daemon [_thread_blocked, id=4108, stack(0x30640000,0x306c0000)]
  0x20429800 JavaThread "Code Analyzer updating thread" [_thread_blocked, id=7752, stack(0x315c0000,0x31640000)]
  0x20429400 JavaThread "Code Analyzer updating thread" [_thread_blocked, id=1332, stack(0x317c0000,0x31840000)]
  0x20427c00 JavaThread "Code Analyzer updating thread" [_thread_blocked, id=7824, stack(0x30700000,0x30780000)]
  0x20428800 JavaThread "Prefs Updater" daemon [_thread_blocked, id=8536, stack(0x30510000,0x30590000)]
  0x20427000 JavaThread "XPCOMThread" [_thread_in_native, id=9360, stack(0x24630000,0x24e30000)]
  0x20428000 JavaThread "Browser Events Thread" daemon [_thread_blocked, id=8044, stack(0x35870000,0x358f0000)]
  0x20427400 JavaThread "com.jniwrapper.NativeResourceCollector" daemon [_thread_blocked, id=10196, stack(0x28e90000,0x28f10000)]
  0x20426800 JavaThread "XPCOM" daemon [_thread_in_native, id=9240, stack(0x20c70000,0x20cf0000)]
  0x1ff90000 JavaThread "Explorer NavigationContext request queue" daemon [_thread_blocked, id=4604, stack(0x2a810000,0x2a890000)]
  0x1ff8f400 JavaThread "AddressBar directory emptiness poller" daemon [_thread_blocked, id=9016, stack(0x2a680000,0x2a700000)]
  0x1ff8ec00 JavaThread "Explorer Refresh Service 26215876" daemon [_thread_blocked, id=8368, stack(0x2a5c0000,0x2a640000)]
  0x1ff8e800 JavaThread "Code Analyzer updating thread" [_thread_blocked, id=8236, stack(0x2a500000,0x2a580000)]
  0x1ff8e000 JavaThread "Code Analyzer updating thread" [_thread_blocked, id=4036, stack(0x2a340000,0x2a3c0000)]
  0x1ff8dc00 JavaThread "Code Analyzer updating thread" [_thread_blocked, id=7012, stack(0x2a280000,0x2a300000)]
  0x1ff8d400 JavaThread "Code Analyzer updating thread" [_thread_blocked, id=1004, stack(0x2a1c0000,0x2a240000)]
  0x1ff8cc00 JavaThread "Code Analyzer updating thread" [_thread_blocked, id=3804, stack(0x2a100000,0x2a180000)]
  0x1ff8c800 JavaThread "Code Analyzer updating thread" [_thread_blocked, id=2764, stack(0x2a040000,0x2a0c0000)]
  0x1ff8c000 JavaThread "Code Analyzer updating thread" [_thread_blocked, id=7732, stack(0x29f80000,0x2a000000)]
  0x1ff8bc00 JavaThread "Code Analyzer updating thread" [_thread_blocked, id=8740, stack(0x29dc0000,0x29e40000)]
  0x1ff8b400 JavaThread "Code Analyzer updating thread" [_thread_blocked, id=7504, stack(0x29d00000,0x29d80000)]
  0x1ff8b000 JavaThread "Code Analyzer updating thread" [_thread_blocked, id=4116, stack(0x29c40000,0x29cc0000)]
  0x1ff8a800 JavaThread "Code Analyzer updating thread" [_thread_blocked, id=6676, stack(0x29b80000,0x29c00000)]
  0x1ff09c00 JavaThread "Code Analyzer updating thread" [_thread_blocked, id=4352, stack(0x29ac0000,0x29b40000)]
  0x1ff09400 JavaThread "Code Analyzer updating thread" [_thread_blocked, id=8100, stack(0x29a00000,0x29a80000)]
  0x1ff09000 JavaThread "Code Analyzer updating thread" [_thread_blocked, id=8196, stack(0x29940000,0x299c0000)]
  0x1ff08800 JavaThread "Code Analyzer updating thread" [_thread_blocked, id=1000, stack(0x29880000,0x29900000)]
  0x1ff08400 JavaThread "Code Analyzer updating thread" [_thread_blocked, id=8508, stack(0x297c0000,0x29840000)]
  0x1ff07c00 JavaThread "Code Analyzer updating thread" [_thread_blocked, id=7480, stack(0x29740000,0x297c0000)]
  0x1ff07800 JavaThread "Code Analyzer updating thread" [_thread_blocked, id=772, stack(0x28fe0000,0x29060000)]
  0x1ff07000 JavaThread "Active Reference Queue Daemon" daemon [_thread_blocked, id=7260, stack(0x28730000,0x287b0000)]
  0x1ff06800 JavaThread "Timer-1" daemon [_thread_blocked, id=8688, stack(0x28670000,0x286f0000)]
  0x1ff06400 JavaThread "ClipboardMonitor Timer" daemon [_thread_blocked, id=7192, stack(0x285f0000,0x28670000)]
  0x1ff04c00 JavaThread "Thread-4" daemon [_thread_blocked, id=8768, stack(0x0b8a0000,0x0b920000)]
  0x1ff04400 JavaThread "TimerQueue" daemon [_thread_blocked, id=8004, stack(0x0b4b0000,0x0b530000)]
  0x1ff04000 JavaThread "Thread-3" daemon [_thread_blocked, id=2512, stack(0x22460000,0x224e0000)]
=>0x1ff03800 JavaThread "AWT-EventQueue-0" [_thread_in_native, id=8920, stack(0x223a0000,0x22420000)]
  0x1ff02000 JavaThread "AWT-Shutdown" [_thread_blocked, id=6168, stack(0x221b0000,0x22230000)]
  0x1ff03400 JavaThread "FelixPackageAdmin" daemon [_thread_blocked, id=6228, stack(0x20fb0000,0x21030000)]
  0x1ff02c00 JavaThread "FelixStartLevel" daemon [_thread_blocked, id=8648, stack(0x20ef0000,0x20f70000)]
  0x1ff02800 JavaThread "FelixDispatchQueue" daemon [_thread_blocked, id=7816, stack(0x222e0000,0x22360000)]
  0x1fd3b400 JavaThread "com.google.common.base.internal.Finalizer" daemon [_thread_blocked, id=7648, stack(0x20e30000,0x20eb0000)]
  0x1fcd7000 JavaThread "AWT-Windows" daemon [_thread_in_native, id=8668, stack(0x20a70000,0x20af0000)]
  0x1fccdc00 JavaThread "Java2D Disposer" daemon [_thread_blocked, id=5360, stack(0x208f0000,0x20970000)]
  0x1efcd000 JavaThread "Timer-0" [_thread_blocked, id=9064, stack(0x207e0000,0x20860000)]
  0x1efdbc00 JavaThread "EventMgr Dispatcher" daemon [_thread_in_native, id=8300, stack(0x1f010000,0x1f810000)]
  0x0849d000 JavaThread "Low Memory Detector" daemon [_thread_blocked, id=8268, stack(0x09130000,0x091b0000)]
  0x0849c000 JavaThread "CompilerThread0" daemon [_thread_blocked, id=6792, stack(0x0f1b0000,0x0f9b0000)]
  0x0846b400 JavaThread "Attach Listener" daemon [_thread_blocked, id=2468, stack(0x09000000,0x09080000)]
  0x08453400 JavaThread "Finalizer" daemon [_thread_blocked, id=7176, stack(0x08710000,0x08790000)]
  0x08452000 JavaThread "Reference Handler" daemon [_thread_blocked, id=7216, stack(0x08040000,0x080c0000)]
  0x0850f800 JavaThread "main" [_thread_in_native, id=5504, stack(0x00430000,0x00c30000)]

Other Threads:
  0x0844f400 VMThread [stack: 0x0e7b0000,0x0efb0000] [id=8000]
  0x084a1400 WatcherThread [stack: 0x1e010000,0x1e810000] [id=5144]

VM state:not at safepoint (normal execution)

VM Mutex/Monitor currently owned by a thread: None

Heap
 def new generation   total 29504K, used 4696K [0x10010000, 0x12010000, 0x12010000)
  eden space 26240K,  12% used [0x10010000, 0x10363450, 0x119b0000)
  from space 3264K,  39% used [0x11ce0000, 0x11e22c48, 0x12010000)
  to   space 3264K,   0% used [0x119b0000, 0x119b0000, 0x11ce0000)
 tenured generation   total 98304K, used 85457K [0x12010000, 0x18010000, 0x18010000)
   the space 98304K,  86% used [0x12010000, 0x17384410, 0x17384600, 0x18010000)
 compacting perm gen  total 47616K, used 47423K [0x18010000, 0x1ae90000, 0x1e010000)
   the space 47616K,  99% used [0x18010000, 0x1ae5ff18, 0x1ae60000, 0x1ae90000)
No shared spaces configured.

Dynamic libraries:
0x00400000 - 0x00425000 	E:\Program\Matlab2013a 32 Bit\bin\win32\MATLAB.exe
0x77690000 - 0x77810000 	C:\Windows\SysWOW64\ntdll.dll
0x752b0000 - 0x753c0000 	C:\Windows\syswow64\kernel32.dll
0x770b0000 - 0x770f7000 	C:\Windows\syswow64\KERNELBASE.dll
0x7ef10000 - 0x7efa1000 	E:\Program\Matlab2013a 32 Bit\bin\win32\libut.dll
0x7dce0000 - 0x7dd75000 	E:\Program\Matlab2013a 32 Bit\bin\win32\libmwi18n.dll
0x10000000 - 0x1000b000 	E:\Program\Matlab2013a 32 Bit\bin\win32\libmwresource_core.dll
0x00310000 - 0x00379000 	E:\Program\Matlab2013a 32 Bit\bin\win32\MSVCP100.dll
0x00c30000 - 0x00cef000 	E:\Program\Matlab2013a 32 Bit\bin\win32\MSVCR100.dll
0x00020000 - 0x0002c000 	E:\Program\Matlab2013a 32 Bit\bin\win32\boost_date_time-vc100-mt-1_49.dll
0x000c0000 - 0x000e5000 	E:\Program\Matlab2013a 32 Bit\bin\win32\boost_filesystem-vc100-mt-1_49.dll
0x00030000 - 0x00037000 	E:\Program\Matlab2013a 32 Bit\bin\win32\boost_system-vc100-mt-1_49.dll
0x755e0000 - 0x75680000 	C:\Windows\syswow64\ADVAPI32.dll
0x75150000 - 0x751fc000 	C:\Windows\syswow64\msvcrt.dll
0x77090000 - 0x770a9000 	C:\Windows\SysWOW64\sechost.dll
0x75ca0000 - 0x75d90000 	C:\Windows\syswow64\RPCRT4.dll
0x750f0000 - 0x75150000 	C:\Windows\syswow64\SspiCli.dll
0x750e0000 - 0x750ec000 	C:\Windows\syswow64\CRYPTBASE.dll
0x00170000 - 0x00191000 	E:\Program\Matlab2013a 32 Bit\bin\win32\LIBEXPAT.dll
0x72eb0000 - 0x72ff9000 	E:\Program\Matlab2013a 32 Bit\bin\win32\icuin49.dll
0x7ea10000 - 0x7eb17000 	E:\Program\Matlab2013a 32 Bit\bin\win32\icuuc49.dll
0x00cf0000 - 0x01e12000 	E:\Program\Matlab2013a 32 Bit\bin\win32\icudt49.dll
0x73db0000 - 0x73dbd000 	E:\Program\Matlab2013a 32 Bit\bin\win32\icuio49.dll
0x01e20000 - 0x01f73000 	E:\Program\Matlab2013a 32 Bit\bin\win32\libmwfl.dll
0x01f80000 - 0x022a3000 	E:\Program\Matlab2013a 32 Bit\bin\win32\libmwMATLAB_res.dll
0x022b0000 - 0x02364000 	E:\Program\Matlab2013a 32 Bit\bin\win32\boost_regex-vc100-mt-1_49.dll
0x76c20000 - 0x76d20000 	C:\Windows\syswow64\USER32.dll
0x75aa0000 - 0x75b30000 	C:\Windows\syswow64\GDI32.dll
0x76d20000 - 0x76d2a000 	C:\Windows\syswow64\LPK.dll
0x75210000 - 0x752ad000 	C:\Windows\syswow64\USP10.dll
0x003c0000 - 0x003ce000 	E:\Program\Matlab2013a 32 Bit\bin\win32\boost_signals-vc100-mt-1_49.dll
0x003d0000 - 0x003de000 	E:\Program\Matlab2013a 32 Bit\bin\win32\boost_thread-vc100-mt-1_49.dll
0x02370000 - 0x023e4000 	E:\Program\Matlab2013a 32 Bit\bin\win32\boost_log-vc100-mt-1_49.dll
0x76c10000 - 0x76c15000 	C:\Windows\syswow64\PSAPI.DLL
0x77250000 - 0x77285000 	C:\Windows\syswow64\WS2_32.dll
0x77080000 - 0x77086000 	C:\Windows\syswow64\NSI.dll
0x023f0000 - 0x02418000 	E:\Program\Matlab2013a 32 Bit\bin\win32\tbb.dll
0x76fa0000 - 0x76fca000 	C:\Windows\syswow64\imagehlp.dll
0x02420000 - 0x02445000 	C:\Windows\system32\POWRPROF.dll
0x75d90000 - 0x75f2d000 	C:\Windows\syswow64\SETUPAPI.dll
0x76ea0000 - 0x76ec7000 	C:\Windows\syswow64\CFGMGR32.dll
0x76ff0000 - 0x7707f000 	C:\Windows\syswow64\OLEAUT32.dll
0x76d40000 - 0x76e9c000 	C:\Windows\syswow64\ole32.dll
0x759b0000 - 0x759c2000 	C:\Windows\syswow64\DEVOBJ.dll
0x003e0000 - 0x003f9000 	E:\Program\Matlab2013a 32 Bit\bin\win32\libmwmfl_scalar.dll
0x74f30000 - 0x7501b000 	C:\Windows\system32\dbghelp.dll
0x02450000 - 0x026e6000 	E:\Program\Matlab2013a 32 Bit\bin\win32\libmwservices.dll
0x7db50000 - 0x7dc0c000 	E:\Program\Matlab2013a 32 Bit\bin\win32\libmx.dll
0x026f0000 - 0x02708000 	E:\Program\Matlab2013a 32 Bit\bin\win32\tbbmalloc.dll
0x02710000 - 0x02724000 	E:\Program\Matlab2013a 32 Bit\bin\win32\zlib1.dll
0x02730000 - 0x0276d000 	E:\Program\Matlab2013a 32 Bit\bin\win32\libmwregexp.dll
0x7df40000 - 0x7df78000 	E:\Program\Matlab2013a 32 Bit\bin\win32\mpath.dll
0x72990000 - 0x72ea3000 	E:\Program\Matlab2013a 32 Bit\bin\win32\mlutil.dll
0x7d670000 - 0x7d6d2000 	E:\Program\Matlab2013a 32 Bit\bin\win32\xmlcore.dll
0x02770000 - 0x02930000 	E:\Program\Matlab2013a 32 Bit\bin\win32\xerces-c_2_7.dll
0x02940000 - 0x0295f000 	E:\Program\Matlab2013a 32 Bit\bin\win32\libmwMATLAB_settings_res.dll
0x02960000 - 0x0296d000 	E:\Program\Matlab2013a 32 Bit\bin\win32\boost_iostreams-vc100-mt-1_49.dll
0x02970000 - 0x029ae000 	E:\Program\Matlab2013a 32 Bit\bin\win32\boost_serialization-vc100-mt-1_49.dll
0x75f30000 - 0x76b7a000 	C:\Windows\syswow64\SHELL32.dll
0x75a30000 - 0x75a87000 	C:\Windows\syswow64\SHLWAPI.dll
0x029b0000 - 0x029b5000 	E:\Program\Matlab2013a 32 Bit\bin\win32\libmwnativedisplay.dll
0x74980000 - 0x74a04000 	C:\Windows\WinSxS\x86_microsoft.windows.common-controls_6595b64144ccf1df_5.82.7601.17514_none_ec83dffa859149af\COMCTL32.dll
0x75b30000 - 0x75bab000 	C:\Windows\syswow64\COMDLG32.dll
0x74d20000 - 0x74d31000 	C:\Windows\system32\NETAPI32.dll
0x74d10000 - 0x74d19000 	C:\Windows\system32\netutils.dll
0x74cf0000 - 0x74d09000 	C:\Windows\system32\srvcli.dll
0x74ce0000 - 0x74cef000 	C:\Windows\system32\wkscli.dll
0x029c0000 - 0x02a47000 	E:\Program\Matlab2013a 32 Bit\bin\win32\mcr.dll
0x02a50000 - 0x02dde000 	E:\Program\Matlab2013a 32 Bit\bin\win32\iqm.dll
0x02de0000 - 0x02e61000 	E:\Program\Matlab2013a 32 Bit\bin\win32\m_dispatcher.dll
0x7b920000 - 0x7be74000 	E:\Program\Matlab2013a 32 Bit\bin\win32\m_interpreter.dll
0x73dc0000 - 0x73ddc000 	E:\Program\Matlab2013a 32 Bit\bin\win32\libmex.dll
0x7d8b0000 - 0x7d910000 	E:\Program\Matlab2013a 32 Bit\bin\win32\profiler.dll
0x02e70000 - 0x030dc000 	E:\Program\Matlab2013a 32 Bit\bin\win32\libmwmathutil.dll
0x734f0000 - 0x7350f000 	E:\Program\Matlab2013a 32 Bit\bin\win32\libmwmathrng.dll
0x030e0000 - 0x030ee000 	E:\Program\Matlab2013a 32 Bit\bin\win32\libmwmfl_rng.dll
0x7c390000 - 0x7c43b000 	E:\Program\Matlab2013a 32 Bit\bin\win32\libmwmathcore.dll
0x7e000000 - 0x7e048000 	E:\Program\Matlab2013a 32 Bit\bin\win32\libmwspmatrix.dll
0x72390000 - 0x72540000 	E:\Program\Matlab2013a 32 Bit\bin\win32\mcos.dll
0x030f0000 - 0x0313b000 	E:\Program\Matlab2013a 32 Bit\bin\win32\libmwcholmod.dll
0x73e70000 - 0x73e7a000 	E:\Program\Matlab2013a 32 Bit\bin\win32\libmwamd.dll
0x74460000 - 0x74503000 	C:\Windows\WinSxS\x86_microsoft.vc90.crt_1fc8b3b9a1e18e3b_9.0.30729.6161_none_50934f2ebcb7eb57\MSVCR90.dll
0x73e80000 - 0x73e8a000 	E:\Program\Matlab2013a 32 Bit\bin\win32\libmwcolamd.dll
0x03170000 - 0x0317b000 	E:\Program\Matlab2013a 32 Bit\bin\win32\libmwblas.dll
0x73d30000 - 0x73d41000 	E:\Program\Matlab2013a 32 Bit\bin\win32\libmwbinder.dll
0x73ea0000 - 0x73ea9000 	E:\Program\Matlab2013a 32 Bit\bin\win32\libmwompwrapper.dll
0x73030000 - 0x73064000 	E:\Program\Matlab2013a 32 Bit\bin\win32\libmwlapack.dll
0x73bf0000 - 0x73c07000 	E:\Program\Matlab2013a 32 Bit\bin\win32\m_pcodeio.dll
0x7e080000 - 0x7e0c9000 	E:\Program\Matlab2013a 32 Bit\bin\win32\m_ir.dll
0x70000000 - 0x70590000 	E:\Program\Matlab2013a 32 Bit\bin\win32\m_parser.dll
0x03180000 - 0x03191000 	E:\Program\Matlab2013a 32 Bit\bin\win32\ir_xfmr.dll
0x73e90000 - 0x73e9e000 	E:\Program\Matlab2013a 32 Bit\bin\win32\mtok.dll
0x73690000 - 0x736b1000 	E:\Program\Matlab2013a 32 Bit\bin\win32\m_pcodegen.dll
0x7e1c0000 - 0x7e1e7000 	E:\Program\Matlab2013a 32 Bit\bin\win32\libmwbridge.dll
0x031a0000 - 0x03231000 	E:\Program\Matlab2013a 32 Bit\bin\win32\udd.dll
0x7e6f0000 - 0x7e808000 	E:\Program\Matlab2013a 32 Bit\bin\win32\libmwgui.dll
0x73c10000 - 0x73c2d000 	E:\Program\Matlab2013a 32 Bit\bin\win32\graphics_util.dll
0x03240000 - 0x032f2000 	E:\Program\Matlab2013a 32 Bit\bin\win32\libtex_base.dll
0x03300000 - 0x03a4c000 	E:\Program\Matlab2013a 32 Bit\bin\win32\hg.dll
0x03a50000 - 0x03a96000 	E:\Program\Matlab2013a 32 Bit\bin\win32\libmat.dll
0x03aa0000 - 0x03c89000 	E:\Program\Matlab2013a 32 Bit\bin\win32\hdf5dll.dll
0x7d9d0000 - 0x7da76000 	E:\Program\Matlab2013a 32 Bit\bin\win32\jmi.dll
0x03ca0000 - 0x03cac000 	E:\Program\Matlab2013a 32 Bit\bin\win32\nativejava_services.dll
0x732b0000 - 0x732e2000 	E:\Program\Matlab2013a 32 Bit\bin\win32\libmwhardcopy.dll
0x7de70000 - 0x7deb8000 	E:\Program\Matlab2013a 32 Bit\bin\win32\libuij.dll
0x03cb0000 - 0x03e82000 	E:\Program\Matlab2013a 32 Bit\bin\win32\hgdatatypes.dll
0x7d2e0000 - 0x7d39d000 	E:\Program\Matlab2013a 32 Bit\bin\win32\hgutils.dll
0x03e90000 - 0x03f18000 	E:\Program\Matlab2013a 32 Bit\bin\win32\udd_mi.dll
0x03f20000 - 0x03f4d000 	E:\Program\Matlab2013a 32 Bit\bin\win32\libmwgbtutils.dll
0x03f50000 - 0x03f60000 	E:\Program\Matlab2013a 32 Bit\bin\win32\libmwgbt.dll
0x03f60000 - 0x04205000 	E:\Program\Matlab2013a 32 Bit\bin\win32\uiw.dll
0x73ee0000 - 0x73ee8000 	E:\Program\Matlab2013a 32 Bit\bin\win32\uinone.dll
0x04210000 - 0x0422e000 	E:\Program\Matlab2013a 32 Bit\bin\win32\libmwnativefiledialogs.dll
0x04230000 - 0x04239000 	E:\Program\Matlab2013a 32 Bit\bin\win32\libmwplatform_res.dll
0x726e0000 - 0x726f2000 	C:\Windows\system32\MPR.dll
0x04240000 - 0x04678000 	E:\Program\Matlab2013a 32 Bit\bin\win32\mfc100.dll
0x74d40000 - 0x74d45000 	C:\Windows\system32\MSIMG32.dll
0x74280000 - 0x742d1000 	C:\Windows\system32\WINSPOOL.DRV
0x73710000 - 0x73726000 	E:\Program\Matlab2013a 32 Bit\bin\win32\mwoles05.DLL
0x7dc40000 - 0x7dc93000 	E:\Program\Matlab2013a 32 Bit\bin\win32\comcli.dll
0x04680000 - 0x046a6000 	E:\Program\Matlab2013a 32 Bit\bin\win32\ATL100.DLL
0x73e00000 - 0x73e0a000 	E:\Program\Matlab2013a 32 Bit\bin\win32\mlautoregister.dll
0x046b0000 - 0x047ec000 	E:\Program\Matlab2013a 32 Bit\bin\win32\mvm.dll
0x753c0000 - 0x75420000 	C:\Windows\system32\IMM32.DLL
0x76ed0000 - 0x76f9c000 	C:\Windows\syswow64\MSCTF.dll
0x06980000 - 0x06a00000 	C:\Windows\system32\UxTheme.dll
0x72330000 - 0x72343000 	C:\Windows\system32\dwmapi.dll
0x04940000 - 0x04949000 	E:\Program\Matlab2013a 32 Bit\bin\win32\MFC100CHS.DLL

VM Arguments:
jvm_args: -Xss512k -XX:PermSize=32m -Xms64m -XX:NewRatio=3 -XX:MaxPermSize=96m -Xmx128m -XX:MaxDirectMemorySize=1200000000 -Dsun.java2d.noddraw=true -Dsun.awt.nopixfmt=true -Xshare:off -Xrs -Dsun.awt.disableMixing=true -Djava.library.path=E:\Program\Matlab2013a 32 Bit\bin\win32;E:\Program\Matlab2013a 32 Bit\sys\jxbrowser\win32\lib vfprintf abort -Duser.language=en -Duser.country=US 
java_command: <unknown>
Launcher Type: generic

Environment Variables:
JAVA_HOME=C:\Program Files (x86)\Java\jre7
CLASSPATH=C:\Program Files (x86)\Java\jre7\lib;;E:\OpenNI\Bin\org.OpenNI.jar
PATH=C:\Program Files (x86)\AMD APP\bin\x86_64;C:\Program Files (x86)\AMD APP\bin\x86;C:\Program Files\Common Files\Microsoft Shared\Windows Live;C:\Program Files (x86)\Common Files\Microsoft Shared\Windows Live;E:\Program\Python2.7.3\Lib\site-packages\PyQt4;C:\Program Files (x86)\Java\jre7\bin;C:\Windows\system32;C:\Windows;C:\Windows\System32\Wbem;C:\Windows\System32\WindowsPowerShell\v1.0\;C:\Program Files (x86)\Windows Live\Shared;C:\Program Files (x86)\ATI Technologies\ATI.ACE\Core-Static;E:\Program\CTex\UserData\miktex\bin;E:\Program\CTex\MiKTeX\miktex\bin;E:\Program\CTex\CTeX\ctex\bin;E:\Program\CTex\CTeX\cct\bin;E:\Program\CTex\CTeX\ty\bin;E:\Program\CTex\Ghostscript\gs9.05\bin;E:\Program\CTex\GSview\gsview;E:\Program\CTex\WinEdt;C:\Program Files (x86)\CMake 2.8\bin;E:\Program\TortoiseSVN\bin;D:\mrpt-0.9.6\bin;E:\Program\GitStack\python;E:\Program\GitStack\python\Scripts;E:\Program\GitStack\php;E:\Program\GitStack\git\cmd;E:\Program\GitStack\git\bin;E:\Program\doxygen\bin;E:\Program\NITE\bin;E:\Program\OpenNI\Bin;E:\OpenNI 1.3.2.1\Bin64;E:\OpenNI\Bin;E:\Program\Matlab2013a 32 Bit\runtime\win32;E:\Program\Matlab2013a 32 Bit\bin;E:\Program\Matlab2013a\runtime\win64;E:\Program\Matlab2013a\bin;E:\Program\TortoiseGit\bin;D:\mrpt-0.9.6\bin;C:\Windows\System32;D:\opencv-2.4.3\opencv\build\x86\vc10\bin;E:\PCL 1.6.0\bin;E:\PCL 1.6.0\3rdParty\Eigen\bin;E:\PCL 1.6.0\3rdParty\FLANN\bin;E:\PCL 1.6.0\3rdParty\Qhull\bin;E:\PCL 1.6.0\3rdParty\VTK\bin;E:\OpenNI\Bin;E:\PrimeSense\Bin;E:\PCL 1.6.0\3rdParty\Boost\lib
USERNAME=samuel
OS=Windows_NT
PROCESSOR_IDENTIFIER=Intel64 Family 6 Model 42 Stepping 7, GenuineIntel



---------------  S Y S T E M  ---------------

OS: Windows 7 Build 7601 Service Pack 1

CPU:total 4 (8 cores per cpu, 2 threads per core) family 6 model 42 stepping 7, cmov, cx8, fxsr, mmx, sse, sse2, sse3, ssse3, sse4.1, sse4.2, ht

Memory: 4k page, physical 4194303k(3090920k free), swap 4194303k(2143240k free)

vm_info: Java HotSpot(TM) Client VM (14.3-b01) for windows-x86 JRE (1.6.0_17-b04), built on Oct 11 2009 00:52:06 by "java_re" with MS VC++ 7.1

time: Tue Jun 11 17:31:06 2013
elapsed time: 12904 seconds

