F:\迅雷下载\A\SHUN 6\SHUN 6\DEBUG\SHUN 6.PCH
F:\迅雷下载\A\SHUN 6\SHUN 6\DEBUG\STDAFX.OBJ
F:\迅雷下载\A\SHUN 6\SHUN 6\DEBUG\VC110.PDB
F:\迅雷下载\A\SHUN 6\SHUN 6\DEBUG\SHUN 6.OBJ
F:\迅雷下载\A\SHUN 6\DEBUG\SHUN 6.ILK
F:\迅雷下载\A\SHUN 6\DEBUG\SHUN 6.EXE
F:\迅雷下载\A\SHUN 6\DEBUG\SHUN 6.PDB
F:\迅雷下载\a\shun6\shun 6\Debug\shun 6.obj
F:\迅雷下载\a\shun6\shun 6\Debug\stdafx.obj
F:\迅雷下载\a\shun6\shun 6\Debug\cl.command.1.tlog
F:\迅雷下载\a\shun6\shun 6\Debug\CL.read.1.tlog
F:\迅雷下载\a\shun6\shun 6\Debug\CL.write.1.tlog
F:\迅雷下载\a\shun6\shun 6\Debug\link-cvtres.read.1.tlog
F:\迅雷下载\a\shun6\shun 6\Debug\link-cvtres.write.1.tlog
F:\迅雷下载\a\shun6\shun 6\Debug\link-rc.read.1.tlog
F:\迅雷下载\a\shun6\shun 6\Debug\link-rc.write.1.tlog
F:\迅雷下载\a\shun6\shun 6\Debug\link.command.1.tlog
F:\迅雷下载\a\shun6\shun 6\Debug\link.read.1.tlog
F:\迅雷下载\a\shun6\shun 6\Debug\link.write.1.tlog
F:\迅雷下载\a\shun6\shun 6\Debug\shun 6.pch
F:\迅雷下载\a\shun6\shun 6\Debug\vc110.idb
F:\迅雷下载\a\shun6\shun 6\Debug\vc110.pdb
F:\迅雷下载\a\shun6\Debug\shun 6.pdb
F:\迅雷下载\a\shun6\Debug\shun 6.exe
F:\迅雷下载\a\shun6\Debug\shun 6.ilk
