F:\迅雷下载\A\P3\SHUN3\DEBUG\SHUN3.PCH
F:\迅雷下载\A\P3\SHUN3\DEBUG\STDAFX.OBJ
F:\迅雷下载\A\P3\SHUN3\DEBUG\VC110.PDB
F:\迅雷下载\A\P3\SHUN3\DEBUG\SHUN3.OBJ
F:\迅雷下载\A\P3\DEBUG\SHUN3.ILK
F:\迅雷下载\A\P3\DEBUG\SHUN3.EXE
F:\迅雷下载\A\P3\DEBUG\SHUN3.PDB
F:\迅雷下载\a\P3\shun3\Debug\shun3.obj
F:\迅雷下载\a\P3\shun3\Debug\stdafx.obj
F:\迅雷下载\a\P3\shun3\Debug\cl.command.1.tlog
F:\迅雷下载\a\P3\shun3\Debug\CL.read.1.tlog
F:\迅雷下载\a\P3\shun3\Debug\CL.write.1.tlog
F:\迅雷下载\a\P3\shun3\Debug\link-cvtres.read.1.tlog
F:\迅雷下载\a\P3\shun3\Debug\link-cvtres.write.1.tlog
F:\迅雷下载\a\P3\shun3\Debug\link-rc.read.1.tlog
F:\迅雷下载\a\P3\shun3\Debug\link-rc.write.1.tlog
F:\迅雷下载\a\P3\shun3\Debug\link.command.1.tlog
F:\迅雷下载\a\P3\shun3\Debug\link.read.1.tlog
F:\迅雷下载\a\P3\shun3\Debug\link.write.1.tlog
F:\迅雷下载\a\P3\shun3\Debug\shun3.pch
F:\迅雷下载\a\P3\shun3\Debug\vc110.idb
F:\迅雷下载\a\P3\shun3\Debug\vc110.pdb
F:\迅雷下载\a\P3\Debug\shun3.pdb
F:\迅雷下载\a\P3\Debug\shun3.exe
F:\迅雷下载\a\P3\Debug\shun3.ilk
